<?xml version="1.0" encoding="UTF-8"?>
<testsuite xmlns:xsi="http://www.w3.org/2001/XMLSchema-instance" xsi:noNamespaceSchemaLocation="https://maven.apache.org/surefire/maven-surefire-plugin/xsd/surefire-test-report-3.0.xsd" version="3.0" name="CalcTaxTest" time="0.109" tests="42" errors="0" skipped="0" failures="0">
  <properties>
    <property name="java.specification.version" value="13"/>
    <property name="sun.cpu.isalist" value="amd64"/>
    <property name="sun.jnu.encoding" value="Cp1252"/>
    <property name="java.class.path" value="C:\Users\Savi\Desktop\Q1_S11199815_ S11198967\target\test-classes;C:\Users\Savi\Desktop\Q1_S11199815_ S11198967\target\classes;C:\Users\Savi\.m2\repository\org\junit\jupiter\junit-jupiter-params\5.8.0\junit-jupiter-params-5.8.0.jar;C:\Users\Savi\.m2\repository\org\junit\jupiter\junit-jupiter-api\5.8.0\junit-jupiter-api-5.8.0.jar;C:\Users\Savi\.m2\repository\org\opentest4j\opentest4j\1.2.0\opentest4j-1.2.0.jar;C:\Users\Savi\.m2\repository\org\junit\platform\junit-platform-commons\1.8.0\junit-platform-commons-1.8.0.jar;C:\Users\Savi\.m2\repository\org\apiguardian\apiguardian-api\1.1.2\apiguardian-api-1.1.2.jar;"/>
    <property name="java.vm.vendor" value="Oracle Corporation"/>
    <property name="sun.arch.data.model" value="64"/>
    <property name="user.variant" value=""/>
    <property name="java.vendor.url" value="https://java.oracle.com/"/>
    <property name="user.timezone" value="Pacific/Fiji"/>
    <property name="os.name" value="Windows 10"/>
    <property name="java.vm.specification.version" value="13"/>
    <property name="user.country" value="US"/>
    <property name="sun.java.launcher" value="SUN_STANDARD"/>
    <property name="sun.boot.library.path" value="C:\Program Files\Java\jdk-13.0.2\bin"/>
    <property name="sun.java.command" value="C:\Users\Savi\AppData\Local\Temp\surefire12171538119827758533\surefirebooter12526795796795435237.jar C:\Users\Savi\AppData\Local\Temp\surefire12171538119827758533 2023-09-12T23-22-55_404-jvmRun1 surefire14526218407843262447tmp surefire_05305913860180141576tmp"/>
    <property name="jdk.debug" value="release"/>
    <property name="test" value="CalcTaxTest"/>
    <property name="surefire.test.class.path" value="C:\Users\Savi\Desktop\Q1_S11199815_ S11198967\target\test-classes;C:\Users\Savi\Desktop\Q1_S11199815_ S11198967\target\classes;C:\Users\Savi\.m2\repository\org\junit\jupiter\junit-jupiter-params\5.8.0\junit-jupiter-params-5.8.0.jar;C:\Users\Savi\.m2\repository\org\junit\jupiter\junit-jupiter-api\5.8.0\junit-jupiter-api-5.8.0.jar;C:\Users\Savi\.m2\repository\org\opentest4j\opentest4j\1.2.0\opentest4j-1.2.0.jar;C:\Users\Savi\.m2\repository\org\junit\platform\junit-platform-commons\1.8.0\junit-platform-commons-1.8.0.jar;C:\Users\Savi\.m2\repository\org\apiguardian\apiguardian-api\1.1.2\apiguardian-api-1.1.2.jar;"/>
    <property name="sun.cpu.endian" value="little"/>
    <property name="user.home" value="C:\Users\Savi"/>
    <property name="user.language" value="en"/>
    <property name="java.specification.vendor" value="Oracle Corporation"/>
    <property name="java.version.date" value="2020-01-14"/>
    <property name="java.home" value="C:\Program Files\Java\jdk-13.0.2"/>
    <property name="file.separator" value="\"/>
    <property name="basedir" value="C:\Users\Savi\Desktop\Q1_S11199815_ S11198967"/>
    <property name="java.vm.compressedOopsMode" value="Zero based"/>
    <property name="line.separator" value="&#10;"/>
    <property name="java.vm.specification.vendor" value="Oracle Corporation"/>
    <property name="java.specification.name" value="Java Platform API Specification"/>
    <property name="surefire.real.class.path" value="C:\Users\Savi\AppData\Local\Temp\surefire12171538119827758533\surefirebooter12526795796795435237.jar"/>
    <property name="user.script" value=""/>
    <property name="sun.management.compiler" value="HotSpot 64-Bit Tiered Compilers"/>
    <property name="java.runtime.version" value="13.0.2+8"/>
    <property name="user.name" value="Savi"/>
    <property name="path.separator" value=";"/>
    <property name="os.version" value="10.0"/>
    <property name="java.runtime.name" value="Java(TM) SE Runtime Environment"/>
    <property name="file.encoding" value="Cp1252"/>
    <property name="java.vm.name" value="Java HotSpot(TM) 64-Bit Server VM"/>
    <property name="maven.ext.class.path" value="C:\Program Files\NetBeans-13\netbeans\java\maven-nblib\netbeans-eventspy.jar"/>
    <property name="localRepository" value="C:\Users\Savi\.m2\repository"/>
    <property name="java.vendor.url.bug" value="https://bugreport.java.com/bugreport/"/>
    <property name="java.io.tmpdir" value="C:\Users\Savi\AppData\Local\Temp\"/>
    <property name="java.version" value="13.0.2"/>
    <property name="user.dir" value="C:\Users\Savi\Desktop\Q1_S11199815_ S11198967"/>
    <property name="os.arch" value="amd64"/>
    <property name="java.vm.specification.name" value="Java Virtual Machine Specification"/>
    <property name="sun.os.patch.level" value=""/>
    <property name="java.library.path" value="C:\Program Files\Java\jdk-13.0.2\bin;C:\WINDOWS\Sun\Java\bin;C:\WINDOWS\system32;C:\WINDOWS;C:\Program Files\Python311\Scripts\;C:\Program Files\Python311\;C:\Program Files (x86)\Common Files\Oracle\Java\javapath;C:\Windows\system32;C:\Windows;C:\Windows\System32\Wbem;C:\Windows\System32\WindowsPowerShell\v1.0\;C:\Windows\System32\OpenSSH\;C:\Program Files\Microsoft SQL Server\150\Tools\Binn\;c:\Program Files (x86)\Microsoft SQL Server\100\Tools\Binn\;c:\Program Files\Microsoft SQL Server\100\Tools\Binn\;c:\Program Files\Microsoft SQL Server\100\DTS\Binn\;C:\WINDOWS\system32;C:\WINDOWS;C:\WINDOWS\System32\Wbem;C:\WINDOWS\System32\WindowsPowerShell\v1.0\;C:\WINDOWS\System32\OpenSSH\;C:\Program Files\dotnet\;C:\Program Files\Microsoft SQL Server\130\Tools\Binn\;C:\Program Files\Microsoft SQL Server\Client SDK\ODBC\170\Tools\Binn\;C:\Program Files\Java\jdk-13.0.2\bin;C:\Program Files\Git\cmd;C:\WINDOWS\system32;C:\WINDOWS;C:\WINDOWS\System32\Wbem;C:\WINDOWS\System32\WindowsPowerShell\v1.0\;C:\WINDOWS\System32\OpenSSH\;C:\Users\Savi\AppData\Local\Microsoft\WindowsApps;C:\Users\Savi\AppData\Local\Programs\Microsoft VS Code\bin;C:\Users\Savi\.dotnet\tools;C:\Users\Savi\AppData\Local\GitHubDesktop\bin;;."/>
    <property name="java.vm.info" value="mixed mode, sharing"/>
    <property name="java.vendor" value="Oracle Corporation"/>
    <property name="java.vm.version" value="13.0.2+8"/>
    <property name="sun.io.unicode.encoding" value="UnicodeLittle"/>
    <property name="java.class.version" value="57.0"/>
  </properties>
  <testcase name="Test3ForRange4LocalEmployee" classname="CalcTaxTest" time="0.024"/>
  <testcase name="Test1Partition4ForLocalEmployee" classname="CalcTaxTest" time="0"/>
  <testcase name="Test2ForRange5InternationalEmployee" classname="CalcTaxTest" time="0"/>
  <testcase name="Test3ForRange3InternationalEmployee" classname="CalcTaxTest" time="0"/>
  <testcase name="Test1Partition1ForLocalEmployee" classname="CalcTaxTest" time="0"/>
  <testcase name="Test3ForRange3LocalEmployee" classname="CalcTaxTest" time="0"/>
  <testcase name="Test4Range1ForLocalEmployee" classname="CalcTaxTest" time="0"/>
  <testcase name="Test3ForRange2LocalEmployee" classname="CalcTaxTest" time="0.007"/>
  <testcase name="Test1Range1ForLocalEmployee" classname="CalcTaxTest" time="0"/>
  <testcase name="Test1Partition1ForInternationalEmployee" classname="CalcTaxTest" time="0"/>
  <testcase name="Test1ForRange5LocalEmployee" classname="CalcTaxTest" time="0"/>
  <testcase name="Test1Partition3ForInternationalEmployee" classname="CalcTaxTest" time="0.003"/>
  <testcase name="Test1Partition5ForLocalEmployee" classname="CalcTaxTest" time="0"/>
  <testcase name="Test1Partition5ForInternationalEmployee" classname="CalcTaxTest" time="0"/>
  <testcase name="Test1ForRange2InternationalEmployee" classname="CalcTaxTest" time="0"/>
  <testcase name="Test1Partition2ForLocalEmployee" classname="CalcTaxTest" time="0"/>
  <testcase name="Test1ForRange4LocalEmployee" classname="CalcTaxTest" time="0.015"/>
  <testcase name="Test1ForRange4InternationalEmployee" classname="CalcTaxTest" time="0"/>
  <testcase name="Test2ForRange2InternationalEmployee" classname="CalcTaxTest" time="0"/>
  <testcase name="Test2ForRange4InternationalEmployee" classname="CalcTaxTest" time="0"/>
  <testcase name="Test3ForRange2InternationalEmployee" classname="CalcTaxTest" time="0"/>
  <testcase name="Test1ForRange3LocalEmployee" classname="CalcTaxTest" time="0"/>
  <testcase name="Test2Range1ForLocalEmployee" classname="CalcTaxTest" time="0"/>
  <testcase name="Test3ForRange4InternationalEmployee" classname="CalcTaxTest" time="0"/>
  <testcase name="Test2ForRange5LocalEmployee" classname="CalcTaxTest" time="0"/>
  <testcase name="Test1ForRange2LocalEmployee" classname="CalcTaxTest" time="0"/>
  <testcase name="Test1Partition6ForLocalEmployee" classname="CalcTaxTest" time="0"/>
  <testcase name="Test1Range1ForInternationalEmployee" classname="CalcTaxTest" time="0"/>
  <testcase name="Test2ForRange4LocalEmployee" classname="CalcTaxTest" time="0.016"/>
  <testcase name="Test1Partition3ForLocalEmployee" classname="CalcTaxTest" time="0"/>
  <testcase name="Test2Range1ForInternationalEmployee" classname="CalcTaxTest" time="0"/>
  <testcase name="Test1Partition2ForInternationalEmployee" classname="CalcTaxTest" time="0"/>
  <testcase name="Test3Range1ForInternationalEmployee" classname="CalcTaxTest" time="0"/>
  <testcase name="Test1Partition4ForInternationalEmployee" classname="CalcTaxTest" time="0"/>
  <testcase name="Test2ForRange3LocalEmployee" classname="CalcTaxTest" time="0"/>
  <testcase name="Test3Range1ForLocalEmployee" classname="CalcTaxTest" time="0"/>
  <testcase name="Test1Partition6ForInternationalEmployee" classname="CalcTaxTest" time="0"/>
  <testcase name="Test1ForRange3InternationalEmployee" classname="CalcTaxTest" time="0"/>
  <testcase name="Test4Range1ForInternationalEmployee" classname="CalcTaxTest" time="0"/>
  <testcase name="Test2ForRange2LocalEmployee" classname="CalcTaxTest" time="0"/>
  <testcase name="Test1ForRange5InternationalEmployee" classname="CalcTaxTest" time="0"/>
  <testcase name="Test2ForRange3InternationalEmployee" classname="CalcTaxTest" time="0"/>
</testsuite>